0 info it worked if it ends with ok
1 verbose cli [ '/usr/local/bin/node',
1 verbose cli   '/usr/local/bin/npm',
1 verbose cli   'install',
1 verbose cli   '-g',
1 verbose cli   'live-server' ]
2 info using npm@2.14.7
3 info using node@v4.2.1
4 verbose install initial load of /usr/local/lib/package.json
5 verbose readDependencies loading dependencies from /usr/local/lib/package.json
6 silly cache add args [ 'live-server', null ]
7 verbose cache add spec live-server
8 silly cache add parsed spec Result {
8 silly cache add   raw: 'live-server',
8 silly cache add   scope: null,
8 silly cache add   name: 'live-server',
8 silly cache add   rawSpec: '',
8 silly cache add   spec: '*',
8 silly cache add   type: 'range' }
9 silly addNamed live-server@*
10 verbose addNamed "*" is a valid semver range for live-server
11 silly addNameRange { name: 'live-server', range: '*', hasData: false }
12 silly mapToRegistry name live-server
13 silly mapToRegistry using default registry
14 silly mapToRegistry registry https://registry.npmjs.org/
15 silly mapToRegistry uri https://registry.npmjs.org/live-server
16 verbose addNameRange registry:https://registry.npmjs.org/live-server not in flight; fetching
17 verbose request uri https://registry.npmjs.org/live-server
18 verbose request no auth needed
19 info attempt registry request try #1 at 19:28:38
20 verbose request id 89d369c64003fb92
21 verbose etag "27H01MSTGIJXK6QAV7ZH7EA0Q"
22 http request GET https://registry.npmjs.org/live-server
23 http 304 https://registry.npmjs.org/live-server
24 verbose headers { date: 'Thu, 19 Nov 2015 18:28:38 GMT',
24 verbose headers   via: '1.1 varnish',
24 verbose headers   'cache-control': 'max-age=60',
24 verbose headers   etag: '"27H01MSTGIJXK6QAV7ZH7EA0Q"',
24 verbose headers   age: '0',
24 verbose headers   connection: 'keep-alive',
24 verbose headers   'x-served-by': 'cache-ams4139-AMS',
24 verbose headers   'x-cache': 'HIT',
24 verbose headers   'x-cache-hits': '1',
24 verbose headers   'x-timer': 'S1447957718.902711,VS0,VE397',
24 verbose headers   vary: 'Accept' }
25 silly get cb [ 304,
25 silly get   { date: 'Thu, 19 Nov 2015 18:28:38 GMT',
25 silly get     via: '1.1 varnish',
25 silly get     'cache-control': 'max-age=60',
25 silly get     etag: '"27H01MSTGIJXK6QAV7ZH7EA0Q"',
25 silly get     age: '0',
25 silly get     connection: 'keep-alive',
25 silly get     'x-served-by': 'cache-ams4139-AMS',
25 silly get     'x-cache': 'HIT',
25 silly get     'x-cache-hits': '1',
25 silly get     'x-timer': 'S1447957718.902711,VS0,VE397',
25 silly get     vary: 'Accept' } ]
26 verbose etag https://registry.npmjs.org/live-server from cache
27 verbose get saving live-server to /Users/Faktori/.npm/registry.npmjs.org/live-server/.cache.json
28 silly addNameRange number 2 { name: 'live-server', range: '*', hasData: true }
29 silly addNameRange versions [ 'live-server',
29 silly addNameRange   [ '0.1.0',
29 silly addNameRange     '0.1.1',
29 silly addNameRange     '0.2.0',
29 silly addNameRange     '0.3.0',
29 silly addNameRange     '0.4.0',
29 silly addNameRange     '0.5.0',
29 silly addNameRange     '0.6.0',
29 silly addNameRange     '0.6.1',
29 silly addNameRange     '0.6.2',
29 silly addNameRange     '0.6.3',
29 silly addNameRange     '0.6.4',
29 silly addNameRange     '0.7.0',
29 silly addNameRange     '0.7.1',
29 silly addNameRange     '0.8.0',
29 silly addNameRange     '0.8.1',
29 silly addNameRange     '0.8.2' ] ]
30 silly addNamed live-server@0.8.2
31 verbose addNamed "0.8.2" is a plain semver version for live-server
32 silly cache afterAdd live-server@0.8.2
33 verbose afterAdd /Users/Faktori/.npm/live-server/0.8.2/package/package.json not in flight; writing
34 verbose afterAdd /Users/Faktori/.npm/live-server/0.8.2/package/package.json written
35 silly install resolved [ { name: 'live-server',
35 silly install resolved     version: '0.8.2',
35 silly install resolved     description: 'simple development http server with live reload capability',
35 silly install resolved     keywords: [ 'front-end', 'development', 'tool', 'server', 'http', 'cli' ],
35 silly install resolved     author: { name: 'Tapio Vierros' },
35 silly install resolved     dependencies:
35 silly install resolved      { colors: 'latest',
35 silly install resolved        connect: '2.x.x',
35 silly install resolved        'event-stream': 'latest',
35 silly install resolved        'faye-websocket': '0.9.x',
35 silly install resolved        'object-assign': '^2.0.0',
35 silly install resolved        opn: 'latest',
35 silly install resolved        send: 'latest',
35 silly install resolved        watchr: '2.3.x' },
35 silly install resolved     scripts: { test: 'jshint *.js; eslint *.js' },
35 silly install resolved     bin: { 'live-server': './live-server.js' },
35 silly install resolved     repository:
35 silly install resolved      { type: 'git',
35 silly install resolved        url: 'git+https://github.com/tapio/live-server.git' },
35 silly install resolved     engines: { node: '>=0.8.0' },
35 silly install resolved     preferGlobal: true,
35 silly install resolved     license: 'MIT',
35 silly install resolved     eslintConfig: { env: [Object], rules: [Object] },
35 silly install resolved     gitHead: '4884f342dc48b4b093a9571bdca03bf664a6160a',
35 silly install resolved     bugs: { url: 'https://github.com/tapio/live-server/issues' },
35 silly install resolved     _id: 'live-server@0.8.2',
35 silly install resolved     _shasum: '3c6a0b05591585866c99c71c4853633bf01944ff',
35 silly install resolved     _from: 'live-server@*',
35 silly install resolved     _npmVersion: '1.4.21',
35 silly install resolved     _npmUser: { name: 'tapio', email: 'tapiovierros@gmail.com' },
35 silly install resolved     maintainers: [ [Object] ],
35 silly install resolved     dist:
35 silly install resolved      { shasum: '3c6a0b05591585866c99c71c4853633bf01944ff',
35 silly install resolved        tarball: 'http://registry.npmjs.org/live-server/-/live-server-0.8.2.tgz' },
35 silly install resolved     directories: {},
35 silly install resolved     _resolved: 'https://registry.npmjs.org/live-server/-/live-server-0.8.2.tgz',
35 silly install resolved     readme: 'ERROR: No README data found!',
35 silly install resolved     homepage: 'https://github.com/tapio/live-server#readme' } ]
36 info install live-server@0.8.2 into /usr/local/lib
37 info installOne live-server@0.8.2
38 verbose installOne of live-server to /usr/local/lib not in flight; installing
39 verbose lock using /Users/Faktori/.npm/_locks/live-server-1932c27c2adeb129.lock for /usr/local/lib/node_modules/live-server
40 silly install write writing live-server 0.8.2 to /usr/local/lib/node_modules/live-server
41 verbose unbuild lib/node_modules/live-server
42 silly gentlyRm /usr/local/lib/node_modules/live-server is being purged from base /usr/local
43 verbose gentlyRm don't care about contents; nuking /usr/local/lib/node_modules/live-server
44 verbose tar unpack /Users/Faktori/.npm/live-server/0.8.2/package.tgz
45 verbose tar unpacking to /usr/local/lib/node_modules/live-server
46 silly gentlyRm /usr/local/lib/node_modules/live-server is being purged
47 verbose gentlyRm don't care about contents; nuking /usr/local/lib/node_modules/live-server
48 silly gunzTarPerm modes [ '755', '644' ]
49 error tar.unpack untar error /Users/Faktori/.npm/live-server/0.8.2/package.tgz
50 verbose unlock done using /Users/Faktori/.npm/_locks/live-server-1932c27c2adeb129.lock for /usr/local/lib/node_modules/live-server
51 verbose fstream_path /usr/local/lib/node_modules/live-server
52 verbose fstream_type Directory
53 verbose fstream_class DirWriter
54 verbose stack Error: EACCES: permission denied, mkdir '/usr/local/lib/node_modules/live-server'
54 verbose stack     at Error (native)
55 verbose fstream_stack /usr/local/lib/node_modules/npm/node_modules/fstream/lib/dir-writer.js:35:25
55 verbose fstream_stack /usr/local/lib/node_modules/npm/node_modules/mkdirp/index.js:47:53
55 verbose fstream_stack FSReqWrap.oncomplete (fs.js:82:15)
56 verbose cwd /Applications/MAMP/htdocs/SCALE
57 error Darwin 14.5.0
58 error argv "/usr/local/bin/node" "/usr/local/bin/npm" "install" "-g" "live-server"
59 error node v4.2.1
60 error npm  v2.14.7
61 error path /usr/local/lib/node_modules/live-server
62 error code EACCES
63 error errno -13
64 error syscall mkdir
65 error Error: EACCES: permission denied, mkdir '/usr/local/lib/node_modules/live-server'
65 error     at Error (native)
65 error  { [Error: EACCES: permission denied, mkdir '/usr/local/lib/node_modules/live-server']
65 error   errno: -13,
65 error   code: 'EACCES',
65 error   syscall: 'mkdir',
65 error   path: '/usr/local/lib/node_modules/live-server',
65 error   fstream_type: 'Directory',
65 error   fstream_path: '/usr/local/lib/node_modules/live-server',
65 error   fstream_class: 'DirWriter',
65 error   fstream_stack:
65 error    [ '/usr/local/lib/node_modules/npm/node_modules/fstream/lib/dir-writer.js:35:25',
65 error      '/usr/local/lib/node_modules/npm/node_modules/mkdirp/index.js:47:53',
65 error      'FSReqWrap.oncomplete (fs.js:82:15)' ] }
66 error Please try running this command again as root/Administrator.
67 verbose exit [ -13, true ]
68 verbose unbuild lib/node_modules/live-server
69 silly gentlyRm /usr/local/lib/node_modules/live-server is being purged from base /usr/local
70 verbose gentlyRm don't care about contents; nuking /usr/local/lib/node_modules/live-server
